rails aborted!
StandardError: An error has occurred, this and all later migrations canceled:

SQLite3::SQLException: duplicate column name: photo_file_name: ALTER TABLE "profs" ADD "photo_file_name" varchar
/usr/local/lib/ruby/gems/2.5.0/gems/sqlite3-1.3.13/lib/sqlite3/database.rb:91:in `initialize'
/usr/local/lib/ruby/gems/2.5.0/gems/sqlite3-1.3.13/lib/sqlite3/database.rb:91:in `new'
/usr/local/lib/ruby/gems/2.5.0/gems/sqlite3-1.3.13/lib/sqlite3/database.rb:91:in `prepare'
/usr/local/lib/ruby/gems/2.5.0/gems/sqlite3-1.3.13/lib/sqlite3/database.rb:137:in `execute'
/usr/local/lib/ruby/gems/2.5.0/gems/activerecord-5.1.5/lib/active_record/connection_adapters/sqlite3_adapter.rb:251:in `block (2 levels) in execute'
/usr/local/lib/ruby/gems/2.5.0/gems/activesupport-5.1.5/lib/active_support/dependencies/interlock.rb:46:in `block in permit_concurrent_loads'
/usr/local/lib/ruby/gems/2.5.0/gems/activesupport-5.1.5/lib/active_support/concurrency/share_lock.rb:185:in `yield_shares'
/usr/local/lib/ruby/gems/2.5.0/gems/activesupport-5.1.5/lib/active_support/dependencies/interlock.rb:45:in `permit_concurrent_loads'
/usr/local/lib/ruby/gems/2.5.0/gems/activerecord-5.1.5/lib/active_record/connection_adapters/sqlite3_adapter.rb:250:in `block in execute'
/usr/local/lib/ruby/gems/2.5.0/gems/activerecord-5.1.5/lib/active_record/connection_adapters/abstract_adapter.rb:613:in `block (2 levels) in log'
/usr/local/lib/ruby/gems/2.5.0/gems/activerecord-5.1.5/lib/active_record/connection_adapters/abstract_adapter.rb:612:in `block in log'
/usr/local/lib/ruby/gems/2.5.0/gems/activesupport-5.1.5/lib/active_support/notifications/instrumenter.rb:21:in `instrument'
/usr/local/lib/ruby/gems/2.5.0/gems/activerecord-5.1.5/lib/active_record/connection_adapters/abstract_adapter.rb:604:in `log'
/usr/local/lib/ruby/gems/2.5.0/gems/activerecord-5.1.5/lib/active_record/connection_adapters/sqlite3_adapter.rb:249:in `execute'
/usr/local/lib/ruby/gems/2.5.0/gems/activerecord-5.1.5/lib/active_record/connection_adapters/abstract/schema_statements.rb:554:in `add_column'
/usr/local/lib/ruby/gems/2.5.0/gems/activerecord-5.1.5/lib/active_record/connection_adapters/sqlite3_adapter.rb:344:in `add_column'
/usr/local/lib/ruby/gems/2.5.0/gems/activerecord-5.1.5/lib/active_record/connection_adapters/abstract/schema_definitions.rb:469:in `column'
/usr/local/lib/ruby/gems/2.5.0/gems/paperclip-5.0.0/lib/paperclip/schema.rb:54:in `block (2 levels) in attachment'
/usr/local/lib/ruby/gems/2.5.0/gems/paperclip-5.0.0/lib/paperclip/schema.rb:52:in `each_pair'
/usr/local/lib/ruby/gems/2.5.0/gems/paperclip-5.0.0/lib/paperclip/schema.rb:52:in `block in attachment'
/usr/local/lib/ruby/gems/2.5.0/gems/paperclip-5.0.0/lib/paperclip/schema.rb:51:in `each'
/usr/local/lib/ruby/gems/2.5.0/gems/paperclip-5.0.0/lib/paperclip/schema.rb:51:in `attachment'
/Users/andresmurguido/Desktop/Yoopy_1/db/migrate/20180320173628_add_attachment_photo_to_profs.rb:4:in `block in up'
/usr/local/lib/ruby/gems/2.5.0/gems/activerecord-5.1.5/lib/active_record/connection_adapters/abstract/schema_statements.rb:446:in `change_table'
/usr/local/lib/ruby/gems/2.5.0/gems/activerecord-5.1.5/lib/active_record/migration.rb:849:in `block in method_missing'
/usr/local/lib/ruby/gems/2.5.0/gems/activerecord-5.1.5/lib/active_record/migration.rb:818:in `block in say_with_time'
/usr/local/lib/ruby/gems/2.5.0/gems/activerecord-5.1.5/lib/active_record/migration.rb:818:in `say_with_time'
/usr/local/lib/ruby/gems/2.5.0/gems/activerecord-5.1.5/lib/active_record/migration.rb:838:in `method_missing'
/usr/local/lib/ruby/gems/2.5.0/gems/activerecord-5.1.5/lib/active_record/migration.rb:600:in `method_missing'
/Users/andresmurguido/Desktop/Yoopy_1/db/migrate/20180320173628_add_attachment_photo_to_profs.rb:3:in `up'
/usr/local/lib/ruby/gems/2.5.0/gems/activerecord-5.1.5/lib/active_record/migration.rb:755:in `up'
/usr/local/lib/ruby/gems/2.5.0/gems/activerecord-5.1.5/lib/active_record/migration.rb:795:in `exec_migration'
/usr/local/lib/ruby/gems/2.5.0/gems/activerecord-5.1.5/lib/active_record/migration.rb:776:in `block (2 levels) in migrate'
/usr/local/lib/ruby/gems/2.5.0/gems/activerecord-5.1.5/lib/active_record/migration.rb:775:in `block in migrate'
/usr/local/lib/ruby/gems/2.5.0/gems/activerecord-5.1.5/lib/active_record/connection_adapters/abstract/connection_pool.rb:408:in `with_connection'
/usr/local/lib/ruby/gems/2.5.0/gems/activerecord-5.1.5/lib/active_record/migration.rb:774:in `migrate'
/usr/local/lib/ruby/gems/2.5.0/gems/activerecord-5.1.5/lib/active_record/migration.rb:953:in `migrate'
/usr/local/lib/ruby/gems/2.5.0/gems/activerecord-5.1.5/lib/active_record/migration.rb:1230:in `block in execute_migration_in_transaction'
/usr/local/lib/ruby/gems/2.5.0/gems/activerecord-5.1.5/lib/active_record/migration.rb:1298:in `block in ddl_transaction'
/usr/local/lib/ruby/gems/2.5.0/gems/activerecord-5.1.5/lib/active_record/connection_adapters/abstract/database_statements.rb:235:in `block in transaction'
/usr/local/lib/ruby/gems/2.5.0/gems/activerecord-5.1.5/lib/active_record/connection_adapters/abstract/transaction.rb:194:in `block in within_new_transaction'
/usr/local/lib/ruby/gems/2.5.0/gems/activerecord-5.1.5/lib/active_record/connection_adapters/abstract/transaction.rb:191:in `within_new_transaction'
/usr/local/lib/ruby/gems/2.5.0/gems/activerecord-5.1.5/lib/active_record/connection_adapters/abstract/database_statements.rb:235:in `transaction'
/usr/local/lib/ruby/gems/2.5.0/gems/activerecord-5.1.5/lib/active_record/transactions.rb:210:in `transaction'
/usr/local/lib/ruby/gems/2.5.0/gems/activerecord-5.1.5/lib/active_record/migration.rb:1298:in `ddl_transaction'
/usr/local/lib/ruby/gems/2.5.0/gems/activerecord-5.1.5/lib/active_record/migration.rb:1229:in `execute_migration_in_transaction'
/usr/local/lib/ruby/gems/2.5.0/gems/activerecord-5.1.5/lib/active_record/migration.rb:1201:in `block in migrate_without_lock'
/usr/local/lib/ruby/gems/2.5.0/gems/activerecord-5.1.5/lib/active_record/migration.rb:1200:in `each'
/usr/local/lib/ruby/gems/2.5.0/gems/activerecord-5.1.5/lib/active_record/migration.rb:1200:in `migrate_without_lock'
/usr/local/lib/ruby/gems/2.5.0/gems/activerecord-5.1.5/lib/active_record/migration.rb:1150:in `migrate'
/usr/local/lib/ruby/gems/2.5.0/gems/activerecord-5.1.5/lib/active_record/migration.rb:1007:in `up'
/usr/local/lib/ruby/gems/2.5.0/gems/activerecord-5.1.5/lib/active_record/migration.rb:985:in `migrate'
/usr/local/lib/ruby/gems/2.5.0/gems/activerecord-5.1.5/lib/active_record/tasks/database_tasks.rb:171:in `migrate'
/usr/local/lib/ruby/gems/2.5.0/gems/activerecord-5.1.5/lib/active_record/railties/databases.rake:58:in `block (2 levels) in <top (required)>'
/usr/local/lib/ruby/gems/2.5.0/gems/railties-5.1.5/lib/rails/commands/rake/rake_command.rb:21:in `block in perform'
/usr/local/lib/ruby/gems/2.5.0/gems/railties-5.1.5/lib/rails/commands/rake/rake_command.rb:18:in `perform'
/usr/local/lib/ruby/gems/2.5.0/gems/railties-5.1.5/lib/rails/command.rb:46:in `invoke'
/usr/local/lib/ruby/gems/2.5.0/gems/railties-5.1.5/lib/rails/commands.rb:16:in `<top (required)>'
/Users/andresmurguido/Desktop/Yoopy_1/bin/rails:9:in `require'
/Users/andresmurguido/Desktop/Yoopy_1/bin/rails:9:in `<top (required)>'
/usr/local/lib/ruby/gems/2.5.0/gems/spring-2.0.2/lib/spring/client/rails.rb:28:in `load'
/usr/local/lib/ruby/gems/2.5.0/gems/spring-2.0.2/lib/spring/client/rails.rb:28:in `call'
/usr/local/lib/ruby/gems/2.5.0/gems/spring-2.0.2/lib/spring/client/command.rb:7:in `call'
/usr/local/lib/ruby/gems/2.5.0/gems/spring-2.0.2/lib/spring/client.rb:30:in `run'
/usr/local/lib/ruby/gems/2.5.0/gems/spring-2.0.2/bin/spring:49:in `<top (required)>'
/usr/local/lib/ruby/gems/2.5.0/gems/spring-2.0.2/lib/spring/binstub.rb:31:in `load'
/usr/local/lib/ruby/gems/2.5.0/gems/spring-2.0.2/lib/spring/binstub.rb:31:in `<top (required)>'
/Users/andresmurguido/Desktop/Yoopy_1/bin/spring:15:in `<top (required)>'
bin/rails:3:in `load'
bin/rails:3:in `<main>'

Caused by:
ActiveRecord::StatementInvalid: SQLite3::SQLException: duplicate column name: photo_file_name: ALTER TABLE "profs" ADD "photo_file_name" varchar
/usr/local/lib/ruby/gems/2.5.0/gems/sqlite3-1.3.13/lib/sqlite3/database.rb:91:in `initialize'
/usr/local/lib/ruby/gems/2.5.0/gems/sqlite3-1.3.13/lib/sqlite3/database.rb:91:in `new'
/usr/local/lib/ruby/gems/2.5.0/gems/sqlite3-1.3.13/lib/sqlite3/database.rb:91:in `prepare'
/usr/local/lib/ruby/gems/2.5.0/gems/sqlite3-1.3.13/lib/sqlite3/database.rb:137:in `execute'
/usr/local/lib/ruby/gems/2.5.0/gems/activerecord-5.1.5/lib/active_record/connection_adapters/sqlite3_adapter.rb:251:in `block (2 levels) in execute'
/usr/local/lib/ruby/gems/2.5.0/gems/activesupport-5.1.5/lib/active_support/dependencies/interlock.rb:46:in `block in permit_concurrent_loads'
/usr/local/lib/ruby/gems/2.5.0/gems/activesupport-5.1.5/lib/active_support/concurrency/share_lock.rb:185:in `yield_shares'
/usr/local/lib/ruby/gems/2.5.0/gems/activesupport-5.1.5/lib/active_support/dependencies/interlock.rb:45:in `permit_concurrent_loads'
/usr/local/lib/ruby/gems/2.5.0/gems/activerecord-5.1.5/lib/active_record/connection_adapters/sqlite3_adapter.rb:250:in `block in execute'
/usr/local/lib/ruby/gems/2.5.0/gems/activerecord-5.1.5/lib/active_record/connection_adapters/abstract_adapter.rb:613:in `block (2 levels) in log'
/usr/local/lib/ruby/gems/2.5.0/gems/activerecord-5.1.5/lib/active_record/connection_adapters/abstract_adapter.rb:612:in `block in log'
/usr/local/lib/ruby/gems/2.5.0/gems/activesupport-5.1.5/lib/active_support/notifications/instrumenter.rb:21:in `instrument'
/usr/local/lib/ruby/gems/2.5.0/gems/activerecord-5.1.5/lib/active_record/connection_adapters/abstract_adapter.rb:604:in `log'
/usr/local/lib/ruby/gems/2.5.0/gems/activerecord-5.1.5/lib/active_record/connection_adapters/sqlite3_adapter.rb:249:in `execute'
/usr/local/lib/ruby/gems/2.5.0/gems/activerecord-5.1.5/lib/active_record/connection_adapters/abstract/schema_statements.rb:554:in `add_column'
/usr/local/lib/ruby/gems/2.5.0/gems/activerecord-5.1.5/lib/active_record/connection_adapters/sqlite3_adapter.rb:344:in `add_column'
/usr/local/lib/ruby/gems/2.5.0/gems/activerecord-5.1.5/lib/active_record/connection_adapters/abstract/schema_definitions.rb:469:in `column'
/usr/local/lib/ruby/gems/2.5.0/gems/paperclip-5.0.0/lib/paperclip/schema.rb:54:in `block (2 levels) in attachment'
/usr/local/lib/ruby/gems/2.5.0/gems/paperclip-5.0.0/lib/paperclip/schema.rb:52:in `each_pair'
/usr/local/lib/ruby/gems/2.5.0/gems/paperclip-5.0.0/lib/paperclip/schema.rb:52:in `block in attachment'
/usr/local/lib/ruby/gems/2.5.0/gems/paperclip-5.0.0/lib/paperclip/schema.rb:51:in `each'
/usr/local/lib/ruby/gems/2.5.0/gems/paperclip-5.0.0/lib/paperclip/schema.rb:51:in `attachment'
/Users/andresmurguido/Desktop/Yoopy_1/db/migrate/20180320173628_add_attachment_photo_to_profs.rb:4:in `block in up'
/usr/local/lib/ruby/gems/2.5.0/gems/activerecord-5.1.5/lib/active_record/connection_adapters/abstract/schema_statements.rb:446:in `change_table'
/usr/local/lib/ruby/gems/2.5.0/gems/activerecord-5.1.5/lib/active_record/migration.rb:849:in `block in method_missing'
/usr/local/lib/ruby/gems/2.5.0/gems/activerecord-5.1.5/lib/active_record/migration.rb:818:in `block in say_with_time'
/usr/local/lib/ruby/gems/2.5.0/gems/activerecord-5.1.5/lib/active_record/migration.rb:818:in `say_with_time'
/usr/local/lib/ruby/gems/2.5.0/gems/activerecord-5.1.5/lib/active_record/migration.rb:838:in `method_missing'
/usr/local/lib/ruby/gems/2.5.0/gems/activerecord-5.1.5/lib/active_record/migration.rb:600:in `method_missing'
/Users/andresmurguido/Desktop/Yoopy_1/db/migrate/20180320173628_add_attachment_photo_to_profs.rb:3:in `up'
/usr/local/lib/ruby/gems/2.5.0/gems/activerecord-5.1.5/lib/active_record/migration.rb:755:in `up'
/usr/local/lib/ruby/gems/2.5.0/gems/activerecord-5.1.5/lib/active_record/migration.rb:795:in `exec_migration'
/usr/local/lib/ruby/gems/2.5.0/gems/activerecord-5.1.5/lib/active_record/migration.rb:776:in `block (2 levels) in migrate'
/usr/local/lib/ruby/gems/2.5.0/gems/activerecord-5.1.5/lib/active_record/migration.rb:775:in `block in migrate'
/usr/local/lib/ruby/gems/2.5.0/gems/activerecord-5.1.5/lib/active_record/connection_adapters/abstract/connection_pool.rb:408:in `with_connection'
/usr/local/lib/ruby/gems/2.5.0/gems/activerecord-5.1.5/lib/active_record/migration.rb:774:in `migrate'
/usr/local/lib/ruby/gems/2.5.0/gems/activerecord-5.1.5/lib/active_record/migration.rb:953:in `migrate'
/usr/local/lib/ruby/gems/2.5.0/gems/activerecord-5.1.5/lib/active_record/migration.rb:1230:in `block in execute_migration_in_transaction'
/usr/local/lib/ruby/gems/2.5.0/gems/activerecord-5.1.5/lib/active_record/migration.rb:1298:in `block in ddl_transaction'
/usr/local/lib/ruby/gems/2.5.0/gems/activerecord-5.1.5/lib/active_record/connection_adapters/abstract/database_statements.rb:235:in `block in transaction'
/usr/local/lib/ruby/gems/2.5.0/gems/activerecord-5.1.5/lib/active_record/connection_adapters/abstract/transaction.rb:194:in `block in within_new_transaction'
/usr/local/lib/ruby/gems/2.5.0/gems/activerecord-5.1.5/lib/active_record/connection_adapters/abstract/transaction.rb:191:in `within_new_transaction'
/usr/local/lib/ruby/gems/2.5.0/gems/activerecord-5.1.5/lib/active_record/connection_adapters/abstract/database_statements.rb:235:in `transaction'
/usr/local/lib/ruby/gems/2.5.0/gems/activerecord-5.1.5/lib/active_record/transactions.rb:210:in `transaction'
/usr/local/lib/ruby/gems/2.5.0/gems/activerecord-5.1.5/lib/active_record/migration.rb:1298:in `ddl_transaction'
/usr/local/lib/ruby/gems/2.5.0/gems/activerecord-5.1.5/lib/active_record/migration.rb:1229:in `execute_migration_in_transaction'
/usr/local/lib/ruby/gems/2.5.0/gems/activerecord-5.1.5/lib/active_record/migration.rb:1201:in `block in migrate_without_lock'
/usr/local/lib/ruby/gems/2.5.0/gems/activerecord-5.1.5/lib/active_record/migration.rb:1200:in `each'
/usr/local/lib/ruby/gems/2.5.0/gems/activerecord-5.1.5/lib/active_record/migration.rb:1200:in `migrate_without_lock'
/usr/local/lib/ruby/gems/2.5.0/gems/activerecord-5.1.5/lib/active_record/migration.rb:1150:in `migrate'
/usr/local/lib/ruby/gems/2.5.0/gems/activerecord-5.1.5/lib/active_record/migration.rb:1007:in `up'
/usr/local/lib/ruby/gems/2.5.0/gems/activerecord-5.1.5/lib/active_record/migration.rb:985:in `migrate'
/usr/local/lib/ruby/gems/2.5.0/gems/activerecord-5.1.5/lib/active_record/tasks/database_tasks.rb:171:in `migrate'
/usr/local/lib/ruby/gems/2.5.0/gems/activerecord-5.1.5/lib/active_record/railties/databases.rake:58:in `block (2 levels) in <top (required)>'
/usr/local/lib/ruby/gems/2.5.0/gems/railties-5.1.5/lib/rails/commands/rake/rake_command.rb:21:in `block in perform'
/usr/local/lib/ruby/gems/2.5.0/gems/railties-5.1.5/lib/rails/commands/rake/rake_command.rb:18:in `perform'
/usr/local/lib/ruby/gems/2.5.0/gems/railties-5.1.5/lib/rails/command.rb:46:in `invoke'
/usr/local/lib/ruby/gems/2.5.0/gems/railties-5.1.5/lib/rails/commands.rb:16:in `<top (required)>'
/Users/andresmurguido/Desktop/Yoopy_1/bin/rails:9:in `require'
/Users/andresmurguido/Desktop/Yoopy_1/bin/rails:9:in `<top (required)>'
/usr/local/lib/ruby/gems/2.5.0/gems/spring-2.0.2/lib/spring/client/rails.rb:28:in `load'
/usr/local/lib/ruby/gems/2.5.0/gems/spring-2.0.2/lib/spring/client/rails.rb:28:in `call'
/usr/local/lib/ruby/gems/2.5.0/gems/spring-2.0.2/lib/spring/client/command.rb:7:in `call'
/usr/local/lib/ruby/gems/2.5.0/gems/spring-2.0.2/lib/spring/client.rb:30:in `run'
/usr/local/lib/ruby/gems/2.5.0/gems/spring-2.0.2/bin/spring:49:in `<top (required)>'
/usr/local/lib/ruby/gems/2.5.0/gems/spring-2.0.2/lib/spring/binstub.rb:31:in `load'
/usr/local/lib/ruby/gems/2.5.0/gems/spring-2.0.2/lib/spring/binstub.rb:31:in `<top (required)>'
/Users/andresmurguido/Desktop/Yoopy_1/bin/spring:15:in `<top (required)>'
bin/rails:3:in `load'
bin/rails:3:in `<main>'

Caused by:
SQLite3::SQLException: duplicate column name: photo_file_name
/usr/local/lib/ruby/gems/2.5.0/gems/sqlite3-1.3.13/lib/sqlite3/database.rb:91:in `initialize'
/usr/local/lib/ruby/gems/2.5.0/gems/sqlite3-1.3.13/lib/sqlite3/database.rb:91:in `new'
/usr/local/lib/ruby/gems/2.5.0/gems/sqlite3-1.3.13/lib/sqlite3/database.rb:91:in `prepare'
/usr/local/lib/ruby/gems/2.5.0/gems/sqlite3-1.3.13/lib/sqlite3/database.rb:137:in `execute'
/usr/local/lib/ruby/gems/2.5.0/gems/activerecord-5.1.5/lib/active_record/connection_adapters/sqlite3_adapter.rb:251:in `block (2 levels) in execute'
/usr/local/lib/ruby/gems/2.5.0/gems/activesupport-5.1.5/lib/active_support/dependencies/interlock.rb:46:in `block in permit_concurrent_loads'
/usr/local/lib/ruby/gems/2.5.0/gems/activesupport-5.1.5/lib/active_support/concurrency/share_lock.rb:185:in `yield_shares'
/usr/local/lib/ruby/gems/2.5.0/gems/activesupport-5.1.5/lib/active_support/dependencies/interlock.rb:45:in `permit_concurrent_loads'
/usr/local/lib/ruby/gems/2.5.0/gems/activerecord-5.1.5/lib/active_record/connection_adapters/sqlite3_adapter.rb:250:in `block in execute'
/usr/local/lib/ruby/gems/2.5.0/gems/activerecord-5.1.5/lib/active_record/connection_adapters/abstract_adapter.rb:613:in `block (2 levels) in log'
/usr/local/lib/ruby/gems/2.5.0/gems/activerecord-5.1.5/lib/active_record/connection_adapters/abstract_adapter.rb:612:in `block in log'
/usr/local/lib/ruby/gems/2.5.0/gems/activesupport-5.1.5/lib/active_support/notifications/instrumenter.rb:21:in `instrument'
/usr/local/lib/ruby/gems/2.5.0/gems/activerecord-5.1.5/lib/active_record/connection_adapters/abstract_adapter.rb:604:in `log'
/usr/local/lib/ruby/gems/2.5.0/gems/activerecord-5.1.5/lib/active_record/connection_adapters/sqlite3_adapter.rb:249:in `execute'
/usr/local/lib/ruby/gems/2.5.0/gems/activerecord-5.1.5/lib/active_record/connection_adapters/abstract/schema_statements.rb:554:in `add_column'
/usr/local/lib/ruby/gems/2.5.0/gems/activerecord-5.1.5/lib/active_record/connection_adapters/sqlite3_adapter.rb:344:in `add_column'
/usr/local/lib/ruby/gems/2.5.0/gems/activerecord-5.1.5/lib/active_record/connection_adapters/abstract/schema_definitions.rb:469:in `column'
/usr/local/lib/ruby/gems/2.5.0/gems/paperclip-5.0.0/lib/paperclip/schema.rb:54:in `block (2 levels) in attachment'
/usr/local/lib/ruby/gems/2.5.0/gems/paperclip-5.0.0/lib/paperclip/schema.rb:52:in `each_pair'
/usr/local/lib/ruby/gems/2.5.0/gems/paperclip-5.0.0/lib/paperclip/schema.rb:52:in `block in attachment'
/usr/local/lib/ruby/gems/2.5.0/gems/paperclip-5.0.0/lib/paperclip/schema.rb:51:in `each'
/usr/local/lib/ruby/gems/2.5.0/gems/paperclip-5.0.0/lib/paperclip/schema.rb:51:in `attachment'
/Users/andresmurguido/Desktop/Yoopy_1/db/migrate/20180320173628_add_attachment_photo_to_profs.rb:4:in `block in up'
/usr/local/lib/ruby/gems/2.5.0/gems/activerecord-5.1.5/lib/active_record/connection_adapters/abstract/schema_statements.rb:446:in `change_table'
/usr/local/lib/ruby/gems/2.5.0/gems/activerecord-5.1.5/lib/active_record/migration.rb:849:in `block in method_missing'
/usr/local/lib/ruby/gems/2.5.0/gems/activerecord-5.1.5/lib/active_record/migration.rb:818:in `block in say_with_time'
/usr/local/lib/ruby/gems/2.5.0/gems/activerecord-5.1.5/lib/active_record/migration.rb:818:in `say_with_time'
/usr/local/lib/ruby/gems/2.5.0/gems/activerecord-5.1.5/lib/active_record/migration.rb:838:in `method_missing'
/usr/local/lib/ruby/gems/2.5.0/gems/activerecord-5.1.5/lib/active_record/migration.rb:600:in `method_missing'
/Users/andresmurguido/Desktop/Yoopy_1/db/migrate/20180320173628_add_attachment_photo_to_profs.rb:3:in `up'
/usr/local/lib/ruby/gems/2.5.0/gems/activerecord-5.1.5/lib/active_record/migration.rb:755:in `up'
/usr/local/lib/ruby/gems/2.5.0/gems/activerecord-5.1.5/lib/active_record/migration.rb:795:in `exec_migration'
/usr/local/lib/ruby/gems/2.5.0/gems/activerecord-5.1.5/lib/active_record/migration.rb:776:in `block (2 levels) in migrate'
/usr/local/lib/ruby/gems/2.5.0/gems/activerecord-5.1.5/lib/active_record/migration.rb:775:in `block in migrate'
/usr/local/lib/ruby/gems/2.5.0/gems/activerecord-5.1.5/lib/active_record/connection_adapters/abstract/connection_pool.rb:408:in `with_connection'
/usr/local/lib/ruby/gems/2.5.0/gems/activerecord-5.1.5/lib/active_record/migration.rb:774:in `migrate'
/usr/local/lib/ruby/gems/2.5.0/gems/activerecord-5.1.5/lib/active_record/migration.rb:953:in `migrate'
/usr/local/lib/ruby/gems/2.5.0/gems/activerecord-5.1.5/lib/active_record/migration.rb:1230:in `block in execute_migration_in_transaction'
/usr/local/lib/ruby/gems/2.5.0/gems/activerecord-5.1.5/lib/active_record/migration.rb:1298:in `block in ddl_transaction'
/usr/local/lib/ruby/gems/2.5.0/gems/activerecord-5.1.5/lib/active_record/connection_adapters/abstract/database_statements.rb:235:in `block in transaction'
/usr/local/lib/ruby/gems/2.5.0/gems/activerecord-5.1.5/lib/active_record/connection_adapters/abstract/transaction.rb:194:in `block in within_new_transaction'
/usr/local/lib/ruby/gems/2.5.0/gems/activerecord-5.1.5/lib/active_record/connection_adapters/abstract/transaction.rb:191:in `within_new_transaction'
/usr/local/lib/ruby/gems/2.5.0/gems/activerecord-5.1.5/lib/active_record/connection_adapters/abstract/database_statements.rb:235:in `transaction'
/usr/local/lib/ruby/gems/2.5.0/gems/activerecord-5.1.5/lib/active_record/transactions.rb:210:in `transaction'
/usr/local/lib/ruby/gems/2.5.0/gems/activerecord-5.1.5/lib/active_record/migration.rb:1298:in `ddl_transaction'
/usr/local/lib/ruby/gems/2.5.0/gems/activerecord-5.1.5/lib/active_record/migration.rb:1229:in `execute_migration_in_transaction'
/usr/local/lib/ruby/gems/2.5.0/gems/activerecord-5.1.5/lib/active_record/migration.rb:1201:in `block in migrate_without_lock'
/usr/local/lib/ruby/gems/2.5.0/gems/activerecord-5.1.5/lib/active_record/migration.rb:1200:in `each'
/usr/local/lib/ruby/gems/2.5.0/gems/activerecord-5.1.5/lib/active_record/migration.rb:1200:in `migrate_without_lock'
/usr/local/lib/ruby/gems/2.5.0/gems/activerecord-5.1.5/lib/active_record/migration.rb:1150:in `migrate'
/usr/local/lib/ruby/gems/2.5.0/gems/activerecord-5.1.5/lib/active_record/migration.rb:1007:in `up'
/usr/local/lib/ruby/gems/2.5.0/gems/activerecord-5.1.5/lib/active_record/migration.rb:985:in `migrate'
/usr/local/lib/ruby/gems/2.5.0/gems/activerecord-5.1.5/lib/active_record/tasks/database_tasks.rb:171:in `migrate'
/usr/local/lib/ruby/gems/2.5.0/gems/activerecord-5.1.5/lib/active_record/railties/databases.rake:58:in `block (2 levels) in <top (required)>'
/usr/local/lib/ruby/gems/2.5.0/gems/railties-5.1.5/lib/rails/commands/rake/rake_command.rb:21:in `block in perform'
/usr/local/lib/ruby/gems/2.5.0/gems/railties-5.1.5/lib/rails/commands/rake/rake_command.rb:18:in `perform'
/usr/local/lib/ruby/gems/2.5.0/gems/railties-5.1.5/lib/rails/command.rb:46:in `invoke'
/usr/local/lib/ruby/gems/2.5.0/gems/railties-5.1.5/lib/rails/commands.rb:16:in `<top (required)>'
/Users/andresmurguido/Desktop/Yoopy_1/bin/rails:9:in `require'
/Users/andresmurguido/Desktop/Yoopy_1/bin/rails:9:in `<top (required)>'
/usr/local/lib/ruby/gems/2.5.0/gems/spring-2.0.2/lib/spring/client/rails.rb:28:in `load'
/usr/local/lib/ruby/gems/2.5.0/gems/spring-2.0.2/lib/spring/client/rails.rb:28:in `call'
/usr/local/lib/ruby/gems/2.5.0/gems/spring-2.0.2/lib/spring/client/command.rb:7:in `call'
/usr/local/lib/ruby/gems/2.5.0/gems/spring-2.0.2/lib/spring/client.rb:30:in `run'
/usr/local/lib/ruby/gems/2.5.0/gems/spring-2.0.2/bin/spring:49:in `<top (required)>'
/usr/local/lib/ruby/gems/2.5.0/gems/spring-2.0.2/lib/spring/binstub.rb:31:in `load'
/usr/local/lib/ruby/gems/2.5.0/gems/spring-2.0.2/lib/spring/binstub.rb:31:in `<top (required)>'
/Users/andresmurguido/Desktop/Yoopy_1/bin/spring:15:in `<top (required)>'
bin/rails:3:in `load'
bin/rails:3:in `<main>'
Tasks: TOP => db:migrate
(See full trace by running task with --trace)
== 20180320173628 AddAttachmentPhotoToProfs: migrating ========================
-- change_table(:profs)
